{"/home/robson/js_expert/js_expert_ed_6/server/config.js": {"path":"/home/robson/js_expert/js_expert_ed_6/server/config.js","statementMap":{"0":{"start":{"line":4,"column":19},"end":{"line":4,"column":58}},"1":{"start":{"line":5,"column":13},"end":{"line":5,"column":36}},"2":{"start":{"line":6,"column":23},"end":{"line":6,"column":42}},"3":{"start":{"line":7,"column":24},"end":{"line":7,"column":44}}},"fnMap":{},"branchMap":{"0":{"loc":{"start":{"line":10,"column":10},"end":{"line":10,"column":34}},"type":"binary-expr","locations":[{"start":{"line":10,"column":10},"end":{"line":10,"column":26}},{"start":{"line":10,"column":30},"end":{"line":10,"column":34}}],"line":10}},"s":{"0":3,"1":3,"2":3,"3":3},"f":{},"b":{"0":[3,3]},"_coverageSchema":"1a1c01bbd47fc00a2c39e90264f33305004495a9","hash":"943324bd6f665a91d731fd06fc229a92977770d5"}
,"/home/robson/js_expert/js_expert_ed_6/server/controller.js": {"path":"/home/robson/js_expert/js_expert_ed_6/server/controller.js","statementMap":{"0":{"start":{"line":5,"column":8},"end":{"line":5,"column":36}},"1":{"start":{"line":9,"column":8},"end":{"line":9,"column":52}}},"fnMap":{"0":{"name":"(anonymous_0)","decl":{"start":{"line":4,"column":4},"end":{"line":4,"column":5}},"loc":{"start":{"line":4,"column":17},"end":{"line":6,"column":5}},"line":4},"1":{"name":"(anonymous_1)","decl":{"start":{"line":8,"column":4},"end":{"line":8,"column":5}},"loc":{"start":{"line":8,"column":34},"end":{"line":10,"column":5}},"line":8}},"branchMap":{},"s":{"0":2,"1":1},"f":{"0":2,"1":1},"b":{},"_coverageSchema":"1a1c01bbd47fc00a2c39e90264f33305004495a9","hash":"ffcf070a90f2dffc25972d4f8371251004c8b650"}
,"/home/robson/js_expert/js_expert_ed_6/server/routes.js": {"path":"/home/robson/js_expert/js_expert_ed_6/server/routes.js","statementMap":{"0":{"start":{"line":5,"column":19},"end":{"line":5,"column":35}},"1":{"start":{"line":8,"column":26},"end":{"line":8,"column":33}},"2":{"start":{"line":10,"column":4},"end":{"line":15,"column":5}},"3":{"start":{"line":11,"column":8},"end":{"line":13,"column":10}},"4":{"start":{"line":14,"column":8},"end":{"line":14,"column":29}},"5":{"start":{"line":17,"column":4},"end":{"line":24,"column":5}},"6":{"start":{"line":20,"column":12},"end":{"line":20,"column":65}},"7":{"start":{"line":23,"column":8},"end":{"line":23,"column":36}},"8":{"start":{"line":26,"column":4},"end":{"line":33,"column":5}},"9":{"start":{"line":29,"column":12},"end":{"line":29,"column":71}},"10":{"start":{"line":32,"column":8},"end":{"line":32,"column":36}},"11":{"start":{"line":35,"column":4},"end":{"line":47,"column":5}},"12":{"start":{"line":39,"column":12},"end":{"line":39,"column":47}},"13":{"start":{"line":40,"column":28},"end":{"line":40,"column":64}},"14":{"start":{"line":41,"column":8},"end":{"line":45,"column":9}},"15":{"start":{"line":42,"column":12},"end":{"line":44,"column":14}},"16":{"start":{"line":46,"column":8},"end":{"line":46,"column":37}},"17":{"start":{"line":49,"column":4},"end":{"line":49,"column":28}},"18":{"start":{"line":50,"column":4},"end":{"line":50,"column":25}},"19":{"start":{"line":54,"column":4},"end":{"line":58,"column":5}},"20":{"start":{"line":55,"column":8},"end":{"line":55,"column":53}},"21":{"start":{"line":56,"column":8},"end":{"line":56,"column":31}},"22":{"start":{"line":57,"column":8},"end":{"line":57,"column":29}},"23":{"start":{"line":59,"column":4},"end":{"line":59,"column":53}},"24":{"start":{"line":60,"column":4},"end":{"line":60,"column":27}},"25":{"start":{"line":61,"column":4},"end":{"line":61,"column":25}},"26":{"start":{"line":65,"column":4},"end":{"line":66,"column":49}},"27":{"start":{"line":66,"column":20},"end":{"line":66,"column":48}}},"fnMap":{"0":{"name":"routes","decl":{"start":{"line":7,"column":15},"end":{"line":7,"column":21}},"loc":{"start":{"line":7,"column":41},"end":{"line":51,"column":1}},"line":7},"1":{"name":"handleError","decl":{"start":{"line":53,"column":9},"end":{"line":53,"column":20}},"loc":{"start":{"line":53,"column":38},"end":{"line":62,"column":1}},"line":53},"2":{"name":"handler","decl":{"start":{"line":64,"column":16},"end":{"line":64,"column":23}},"loc":{"start":{"line":64,"column":43},"end":{"line":67,"column":1}},"line":64},"3":{"name":"(anonymous_3)","decl":{"start":{"line":66,"column":11},"end":{"line":66,"column":12}},"loc":{"start":{"line":66,"column":20},"end":{"line":66,"column":48}},"line":66}},"branchMap":{"0":{"loc":{"start":{"line":10,"column":4},"end":{"line":15,"column":5}},"type":"if","locations":[{"start":{"line":10,"column":4},"end":{"line":15,"column":5}},{"start":{},"end":{}}],"line":10},"1":{"loc":{"start":{"line":10,"column":7},"end":{"line":10,"column":38}},"type":"binary-expr","locations":[{"start":{"line":10,"column":7},"end":{"line":10,"column":23}},{"start":{"line":10,"column":27},"end":{"line":10,"column":38}}],"line":10},"2":{"loc":{"start":{"line":17,"column":4},"end":{"line":24,"column":5}},"type":"if","locations":[{"start":{"line":17,"column":4},"end":{"line":24,"column":5}},{"start":{},"end":{}}],"line":17},"3":{"loc":{"start":{"line":17,"column":7},"end":{"line":17,"column":42}},"type":"binary-expr","locations":[{"start":{"line":17,"column":7},"end":{"line":17,"column":23}},{"start":{"line":17,"column":27},"end":{"line":17,"column":42}}],"line":17},"4":{"loc":{"start":{"line":26,"column":4},"end":{"line":33,"column":5}},"type":"if","locations":[{"start":{"line":26,"column":4},"end":{"line":33,"column":5}},{"start":{},"end":{}}],"line":26},"5":{"loc":{"start":{"line":26,"column":7},"end":{"line":26,"column":48}},"type":"binary-expr","locations":[{"start":{"line":26,"column":7},"end":{"line":26,"column":23}},{"start":{"line":26,"column":27},"end":{"line":26,"column":48}}],"line":26},"6":{"loc":{"start":{"line":35,"column":4},"end":{"line":47,"column":5}},"type":"if","locations":[{"start":{"line":35,"column":4},"end":{"line":47,"column":5}},{"start":{},"end":{}}],"line":35},"7":{"loc":{"start":{"line":41,"column":8},"end":{"line":45,"column":9}},"type":"if","locations":[{"start":{"line":41,"column":8},"end":{"line":45,"column":9}},{"start":{},"end":{}}],"line":41},"8":{"loc":{"start":{"line":54,"column":4},"end":{"line":58,"column":5}},"type":"if","locations":[{"start":{"line":54,"column":4},"end":{"line":58,"column":5}},{"start":{},"end":{}}],"line":54}},"s":{"0":1,"1":8,"2":8,"3":1,"4":1,"5":7,"6":1,"7":1,"8":6,"9":1,"10":1,"11":5,"12":4,"13":2,"14":2,"15":1,"16":2,"17":1,"18":1,"19":2,"20":1,"21":1,"22":1,"23":1,"24":1,"25":1,"26":8,"27":2},"f":{"0":8,"1":2,"2":8,"3":2},"b":{"0":[1,7],"1":[8,7],"2":[1,6],"3":[7,6],"4":[1,5],"5":[6,5],"6":[4,1],"7":[1,1],"8":[1,1]},"_coverageSchema":"1a1c01bbd47fc00a2c39e90264f33305004495a9","hash":"8b57115f6a362e0e8ab9ba21480e98fbb88df30f"}
,"/home/robson/js_expert/js_expert_ed_6/server/service.js": {"path":"/home/robson/js_expert/js_expert_ed_6/server/service.js","statementMap":{"0":{"start":{"line":11,"column":4},"end":{"line":11,"column":10}},"1":{"start":{"line":15,"column":8},"end":{"line":15,"column":44}},"2":{"start":{"line":20,"column":29},"end":{"line":20,"column":56}},"3":{"start":{"line":23,"column":8},"end":{"line":23,"column":45}},"4":{"start":{"line":24,"column":25},"end":{"line":24,"column":46}},"5":{"start":{"line":26,"column":8},"end":{"line":29,"column":9}},"6":{"start":{"line":36,"column":12},"end":{"line":36,"column":40}},"7":{"start":{"line":37,"column":8},"end":{"line":41,"column":9}}},"fnMap":{"0":{"name":"(anonymous_0)","decl":{"start":{"line":14,"column":4},"end":{"line":14,"column":5}},"loc":{"start":{"line":14,"column":31},"end":{"line":16,"column":5}},"line":14},"1":{"name":"(anonymous_1)","decl":{"start":{"line":18,"column":4},"end":{"line":18,"column":5}},"loc":{"start":{"line":18,"column":27},"end":{"line":30,"column":5}},"line":18},"2":{"name":"(anonymous_2)","decl":{"start":{"line":32,"column":4},"end":{"line":32,"column":5}},"loc":{"start":{"line":32,"column":30},"end":{"line":42,"column":5}},"line":32}},"branchMap":{},"s":{"0":3,"1":1,"2":1,"3":1,"4":1,"5":1,"6":1,"7":1},"f":{"0":1,"1":1,"2":1},"b":{},"_coverageSchema":"1a1c01bbd47fc00a2c39e90264f33305004495a9","hash":"4fd7ee05dbf717f3ac82f0a75d4c4ad7e4dd1d2d"}
,"/home/robson/js_expert/js_expert_ed_6/server/util.js": {"path":"/home/robson/js_expert/js_expert_ed_6/server/util.js","statementMap":{"0":{"start":{"line":3,"column":12},"end":{"line":11,"column":2}},"1":{"start":{"line":13,"column":22},"end":{"line":13,"column":25}}},"fnMap":{},"branchMap":{},"s":{"0":1,"1":1},"f":{},"b":{},"_coverageSchema":"1a1c01bbd47fc00a2c39e90264f33305004495a9","hash":"34fb82eabfefcde7ce57f0ae81131eb2ff94b870"}
,"/home/robson/js_expert/js_expert_ed_6/tests/unit/_util/testUtil.js": {"path":"/home/robson/js_expert/js_expert_ed_6/tests/unit/_util/testUtil.js","statementMap":{"0":{"start":{"line":12,"column":8},"end":{"line":20,"column":10}},"1":{"start":{"line":14,"column":16},"end":{"line":16,"column":17}},"2":{"start":{"line":15,"column":20},"end":{"line":15,"column":35}},"3":{"start":{"line":18,"column":16},"end":{"line":18,"column":31}},"4":{"start":{"line":24,"column":8},"end":{"line":30,"column":10}},"5":{"start":{"line":26,"column":16},"end":{"line":26,"column":29}},"6":{"start":{"line":28,"column":16},"end":{"line":28,"column":31}},"7":{"start":{"line":34,"column":30},"end":{"line":34,"column":85}},"8":{"start":{"line":35,"column":25},"end":{"line":35,"column":66}},"9":{"start":{"line":36,"column":21},"end":{"line":46,"column":9}},"10":{"start":{"line":48,"column":8},"end":{"line":51,"column":9}},"11":{"start":{"line":49,"column":26},"end":{"line":49,"column":45}}},"fnMap":{"0":{"name":"(anonymous_0)","decl":{"start":{"line":11,"column":4},"end":{"line":11,"column":5}},"loc":{"start":{"line":11,"column":40},"end":{"line":21,"column":5}},"line":11},"1":{"name":"(anonymous_1)","decl":{"start":{"line":13,"column":12},"end":{"line":13,"column":13}},"loc":{"start":{"line":13,"column":19},"end":{"line":19,"column":13}},"line":13},"2":{"name":"(anonymous_2)","decl":{"start":{"line":23,"column":4},"end":{"line":23,"column":5}},"loc":{"start":{"line":23,"column":42},"end":{"line":31,"column":5}},"line":23},"3":{"name":"(anonymous_3)","decl":{"start":{"line":25,"column":12},"end":{"line":25,"column":13}},"loc":{"start":{"line":25,"column":34},"end":{"line":29,"column":13}},"line":25},"4":{"name":"(anonymous_4)","decl":{"start":{"line":33,"column":4},"end":{"line":33,"column":5}},"loc":{"start":{"line":33,"column":33},"end":{"line":52,"column":5}},"line":33},"5":{"name":"(anonymous_5)","decl":{"start":{"line":35,"column":57},"end":{"line":35,"column":58}},"loc":{"start":{"line":35,"column":63},"end":{"line":35,"column":65}},"line":35},"6":{"name":"(anonymous_6)","decl":{"start":{"line":49,"column":20},"end":{"line":49,"column":21}},"loc":{"start":{"line":49,"column":26},"end":{"line":49,"column":45}},"line":49}},"branchMap":{},"s":{"0":15,"1":0,"2":0,"3":0,"4":8,"5":0,"6":0,"7":8,"8":8,"9":8,"10":8,"11":8},"f":{"0":15,"1":0,"2":8,"3":0,"4":8,"5":0,"6":8},"b":{},"_coverageSchema":"1a1c01bbd47fc00a2c39e90264f33305004495a9","hash":"b1152b50af21769d83fc6015a523e2e65a0c8946"}
}
