{"/spotify-radio/server/config.js": {"path":"/spotify-radio/server/config.js","statementMap":{"0":{"start":{"line":4,"column":19},"end":{"line":4,"column":58}},"1":{"start":{"line":5,"column":13},"end":{"line":5,"column":36}},"2":{"start":{"line":6,"column":23},"end":{"line":6,"column":42}},"3":{"start":{"line":7,"column":24},"end":{"line":7,"column":44}},"4":{"start":{"line":8,"column":23},"end":{"line":8,"column":52}}},"fnMap":{},"branchMap":{"0":{"loc":{"start":{"line":10,"column":10},"end":{"line":10,"column":34}},"type":"binary-expr","locations":[{"start":{"line":10,"column":10},"end":{"line":10,"column":26}},{"start":{"line":10,"column":30},"end":{"line":10,"column":34}}],"line":10}},"s":{"0":3,"1":3,"2":3,"3":3,"4":3},"f":{},"b":{"0":[3,0]},"_coverageSchema":"1a1c01bbd47fc00a2c39e90264f33305004495a9","hash":"3352e7616f4c17aa597a1b2154b766e37450f8b9"}
,"/spotify-radio/server/controller.js": {"path":"/spotify-radio/server/controller.js","statementMap":{"0":{"start":{"line":6,"column":8},"end":{"line":6,"column":36}},"1":{"start":{"line":10,"column":8},"end":{"line":10,"column":52}},"2":{"start":{"line":14,"column":8},"end":{"line":14,"column":50}},"3":{"start":{"line":16,"column":23},"end":{"line":18,"column":9}},"4":{"start":{"line":20,"column":20},"end":{"line":20,"column":41}},"5":{"start":{"line":21,"column":8},"end":{"line":24,"column":9}},"6":{"start":{"line":22,"column":12},"end":{"line":22,"column":41}},"7":{"start":{"line":23,"column":12},"end":{"line":23,"column":26}},"8":{"start":{"line":26,"column":8},"end":{"line":29,"column":9}},"9":{"start":{"line":27,"column":12},"end":{"line":27,"column":40}},"10":{"start":{"line":28,"column":12},"end":{"line":28,"column":26}},"11":{"start":{"line":31,"column":8},"end":{"line":31,"column":44}},"12":{"start":{"line":38,"column":12},"end":{"line":38,"column":45}},"13":{"start":{"line":40,"column":24},"end":{"line":42,"column":9}},"14":{"start":{"line":41,"column":12},"end":{"line":41,"column":54}},"15":{"start":{"line":44,"column":8},"end":{"line":47,"column":9}}},"fnMap":{"0":{"name":"(anonymous_0)","decl":{"start":{"line":5,"column":4},"end":{"line":5,"column":5}},"loc":{"start":{"line":5,"column":17},"end":{"line":7,"column":5}},"line":5},"1":{"name":"(anonymous_1)","decl":{"start":{"line":9,"column":4},"end":{"line":9,"column":5}},"loc":{"start":{"line":9,"column":34},"end":{"line":11,"column":5}},"line":9},"2":{"name":"(anonymous_2)","decl":{"start":{"line":13,"column":4},"end":{"line":13,"column":5}},"loc":{"start":{"line":13,"column":35},"end":{"line":32,"column":5}},"line":13},"3":{"name":"(anonymous_3)","decl":{"start":{"line":34,"column":4},"end":{"line":34,"column":5}},"loc":{"start":{"line":34,"column":24},"end":{"line":48,"column":5}},"line":34},"4":{"name":"(anonymous_4)","decl":{"start":{"line":40,"column":24},"end":{"line":40,"column":25}},"loc":{"start":{"line":40,"column":30},"end":{"line":42,"column":9}},"line":40}},"branchMap":{"0":{"loc":{"start":{"line":21,"column":8},"end":{"line":24,"column":9}},"type":"if","locations":[{"start":{"line":21,"column":8},"end":{"line":24,"column":9}},{"start":{},"end":{}}],"line":21},"1":{"loc":{"start":{"line":26,"column":8},"end":{"line":29,"column":9}},"type":"if","locations":[{"start":{"line":26,"column":8},"end":{"line":29,"column":9}},{"start":{},"end":{}}],"line":26}},"s":{"0":2,"1":1,"2":0,"3":0,"4":0,"5":0,"6":0,"7":0,"8":0,"9":0,"10":0,"11":0,"12":0,"13":0,"14":0,"15":0},"f":{"0":2,"1":1,"2":0,"3":0,"4":0},"b":{"0":[0,0],"1":[0,0]},"_coverageSchema":"1a1c01bbd47fc00a2c39e90264f33305004495a9","hash":"b322cf2b5720bf797955867b8fe88fb2e514ef29"}
,"/spotify-radio/server/routes.js": {"path":"/spotify-radio/server/routes.js","statementMap":{"0":{"start":{"line":6,"column":19},"end":{"line":6,"column":35}},"1":{"start":{"line":9,"column":26},"end":{"line":9,"column":33}},"2":{"start":{"line":11,"column":4},"end":{"line":16,"column":5}},"3":{"start":{"line":12,"column":8},"end":{"line":14,"column":10}},"4":{"start":{"line":15,"column":8},"end":{"line":15,"column":29}},"5":{"start":{"line":18,"column":4},"end":{"line":25,"column":5}},"6":{"start":{"line":21,"column":12},"end":{"line":21,"column":65}},"7":{"start":{"line":24,"column":8},"end":{"line":24,"column":36}},"8":{"start":{"line":27,"column":4},"end":{"line":34,"column":5}},"9":{"start":{"line":30,"column":12},"end":{"line":30,"column":71}},"10":{"start":{"line":33,"column":8},"end":{"line":33,"column":36}},"11":{"start":{"line":36,"column":4},"end":{"line":47,"column":5}},"12":{"start":{"line":40,"column":12},"end":{"line":40,"column":43}},"13":{"start":{"line":41,"column":8},"end":{"line":41,"column":38}},"14":{"start":{"line":42,"column":8},"end":{"line":45,"column":10}},"15":{"start":{"line":46,"column":8},"end":{"line":46,"column":37}},"16":{"start":{"line":49,"column":4},"end":{"line":54,"column":5}},"17":{"start":{"line":50,"column":21},"end":{"line":50,"column":48}},"18":{"start":{"line":51,"column":21},"end":{"line":51,"column":37}},"19":{"start":{"line":52,"column":23},"end":{"line":52,"column":59}},"20":{"start":{"line":53,"column":8},"end":{"line":53,"column":51}},"21":{"start":{"line":56,"column":4},"end":{"line":68,"column":5}},"22":{"start":{"line":60,"column":12},"end":{"line":60,"column":47}},"23":{"start":{"line":61,"column":28},"end":{"line":61,"column":64}},"24":{"start":{"line":62,"column":8},"end":{"line":66,"column":9}},"25":{"start":{"line":63,"column":12},"end":{"line":65,"column":14}},"26":{"start":{"line":67,"column":8},"end":{"line":67,"column":37}},"27":{"start":{"line":70,"column":4},"end":{"line":70,"column":28}},"28":{"start":{"line":71,"column":4},"end":{"line":71,"column":25}},"29":{"start":{"line":75,"column":4},"end":{"line":79,"column":5}},"30":{"start":{"line":76,"column":8},"end":{"line":76,"column":53}},"31":{"start":{"line":77,"column":8},"end":{"line":77,"column":31}},"32":{"start":{"line":78,"column":8},"end":{"line":78,"column":29}},"33":{"start":{"line":80,"column":4},"end":{"line":80,"column":53}},"34":{"start":{"line":81,"column":4},"end":{"line":81,"column":27}},"35":{"start":{"line":82,"column":4},"end":{"line":82,"column":25}},"36":{"start":{"line":86,"column":4},"end":{"line":87,"column":49}},"37":{"start":{"line":87,"column":20},"end":{"line":87,"column":48}}},"fnMap":{"0":{"name":"routes","decl":{"start":{"line":8,"column":15},"end":{"line":8,"column":21}},"loc":{"start":{"line":8,"column":41},"end":{"line":72,"column":1}},"line":8},"1":{"name":"handleError","decl":{"start":{"line":74,"column":9},"end":{"line":74,"column":20}},"loc":{"start":{"line":74,"column":38},"end":{"line":83,"column":1}},"line":74},"2":{"name":"handler","decl":{"start":{"line":85,"column":16},"end":{"line":85,"column":23}},"loc":{"start":{"line":85,"column":43},"end":{"line":88,"column":1}},"line":85},"3":{"name":"(anonymous_3)","decl":{"start":{"line":87,"column":11},"end":{"line":87,"column":12}},"loc":{"start":{"line":87,"column":20},"end":{"line":87,"column":48}},"line":87}},"branchMap":{"0":{"loc":{"start":{"line":11,"column":4},"end":{"line":16,"column":5}},"type":"if","locations":[{"start":{"line":11,"column":4},"end":{"line":16,"column":5}},{"start":{},"end":{}}],"line":11},"1":{"loc":{"start":{"line":11,"column":7},"end":{"line":11,"column":38}},"type":"binary-expr","locations":[{"start":{"line":11,"column":7},"end":{"line":11,"column":23}},{"start":{"line":11,"column":27},"end":{"line":11,"column":38}}],"line":11},"2":{"loc":{"start":{"line":18,"column":4},"end":{"line":25,"column":5}},"type":"if","locations":[{"start":{"line":18,"column":4},"end":{"line":25,"column":5}},{"start":{},"end":{}}],"line":18},"3":{"loc":{"start":{"line":18,"column":7},"end":{"line":18,"column":42}},"type":"binary-expr","locations":[{"start":{"line":18,"column":7},"end":{"line":18,"column":23}},{"start":{"line":18,"column":27},"end":{"line":18,"column":42}}],"line":18},"4":{"loc":{"start":{"line":27,"column":4},"end":{"line":34,"column":5}},"type":"if","locations":[{"start":{"line":27,"column":4},"end":{"line":34,"column":5}},{"start":{},"end":{}}],"line":27},"5":{"loc":{"start":{"line":27,"column":7},"end":{"line":27,"column":48}},"type":"binary-expr","locations":[{"start":{"line":27,"column":7},"end":{"line":27,"column":23}},{"start":{"line":27,"column":27},"end":{"line":27,"column":48}}],"line":27},"6":{"loc":{"start":{"line":36,"column":4},"end":{"line":47,"column":5}},"type":"if","locations":[{"start":{"line":36,"column":4},"end":{"line":47,"column":5}},{"start":{},"end":{}}],"line":36},"7":{"loc":{"start":{"line":36,"column":7},"end":{"line":36,"column":50}},"type":"binary-expr","locations":[{"start":{"line":36,"column":7},"end":{"line":36,"column":23}},{"start":{"line":36,"column":27},"end":{"line":36,"column":50}}],"line":36},"8":{"loc":{"start":{"line":49,"column":4},"end":{"line":54,"column":5}},"type":"if","locations":[{"start":{"line":49,"column":4},"end":{"line":54,"column":5}},{"start":{},"end":{}}],"line":49},"9":{"loc":{"start":{"line":49,"column":7},"end":{"line":49,"column":49}},"type":"binary-expr","locations":[{"start":{"line":49,"column":7},"end":{"line":49,"column":24}},{"start":{"line":49,"column":28},"end":{"line":49,"column":49}}],"line":49},"10":{"loc":{"start":{"line":56,"column":4},"end":{"line":68,"column":5}},"type":"if","locations":[{"start":{"line":56,"column":4},"end":{"line":68,"column":5}},{"start":{},"end":{}}],"line":56},"11":{"loc":{"start":{"line":62,"column":8},"end":{"line":66,"column":9}},"type":"if","locations":[{"start":{"line":62,"column":8},"end":{"line":66,"column":9}},{"start":{},"end":{}}],"line":62},"12":{"loc":{"start":{"line":75,"column":4},"end":{"line":79,"column":5}},"type":"if","locations":[{"start":{"line":75,"column":4},"end":{"line":79,"column":5}},{"start":{},"end":{}}],"line":75}},"s":{"0":1,"1":8,"2":8,"3":1,"4":1,"5":7,"6":1,"7":1,"8":6,"9":1,"10":1,"11":5,"12":0,"13":0,"14":0,"15":0,"16":5,"17":0,"18":0,"19":0,"20":0,"21":5,"22":4,"23":2,"24":2,"25":1,"26":2,"27":1,"28":1,"29":2,"30":1,"31":1,"32":1,"33":1,"34":1,"35":1,"36":8,"37":2},"f":{"0":8,"1":2,"2":8,"3":2},"b":{"0":[1,7],"1":[8,7],"2":[1,6],"3":[7,6],"4":[1,5],"5":[6,5],"6":[0,5],"7":[5,4],"8":[0,5],"9":[5,1],"10":[4,1],"11":[1,1],"12":[1,1]},"_coverageSchema":"1a1c01bbd47fc00a2c39e90264f33305004495a9","hash":"9213060af0aa36c77ecb8a0a386a386a57cc57f2"}
,"/spotify-radio/server/service.js": {"path":"/spotify-radio/server/service.js","statementMap":{"0":{"start":{"line":22,"column":4},"end":{"line":22,"column":10}},"1":{"start":{"line":26,"column":8},"end":{"line":26,"column":38}},"2":{"start":{"line":27,"column":8},"end":{"line":27,"column":46}},"3":{"start":{"line":28,"column":8},"end":{"line":28,"column":31}},"4":{"start":{"line":29,"column":8},"end":{"line":29,"column":35}},"5":{"start":{"line":30,"column":8},"end":{"line":30,"column":33}},"6":{"start":{"line":34,"column":19},"end":{"line":34,"column":31}},"7":{"start":{"line":35,"column":29},"end":{"line":35,"column":46}},"8":{"start":{"line":36,"column":8},"end":{"line":36,"column":48}},"9":{"start":{"line":38,"column":8},"end":{"line":41,"column":9}},"10":{"start":{"line":45,"column":8},"end":{"line":45,"column":37}},"11":{"start":{"line":49,"column":8},"end":{"line":49,"column":46}},"12":{"start":{"line":53,"column":8},"end":{"line":83,"column":9}},"13":{"start":{"line":54,"column":25},"end":{"line":58,"column":13}},"14":{"start":{"line":63,"column":16},"end":{"line":63,"column":45}},"15":{"start":{"line":65,"column":12},"end":{"line":68,"column":14}},"16":{"start":{"line":70,"column":37},"end":{"line":70,"column":82}},"17":{"start":{"line":70,"column":68},"end":{"line":70,"column":81}},"18":{"start":{"line":71,"column":12},"end":{"line":71,"column":57}},"19":{"start":{"line":71,"column":22},"end":{"line":71,"column":57}},"20":{"start":{"line":73,"column":12},"end":{"line":73,"column":56}},"21":{"start":{"line":75,"column":12},"end":{"line":78,"column":32}},"22":{"start":{"line":81,"column":12},"end":{"line":81,"column":57}},"23":{"start":{"line":82,"column":12},"end":{"line":82,"column":34}},"24":{"start":{"line":87,"column":8},"end":{"line":98,"column":10}},"25":{"start":{"line":89,"column":16},"end":{"line":95,"column":17}},"26":{"start":{"line":90,"column":20},"end":{"line":93,"column":21}},"27":{"start":{"line":91,"column":24},"end":{"line":91,"column":53}},"28":{"start":{"line":92,"column":24},"end":{"line":92,"column":33}},"29":{"start":{"line":94,"column":20},"end":{"line":94,"column":39}},"30":{"start":{"line":96,"column":16},"end":{"line":96,"column":20}},"31":{"start":{"line":102,"column":8},"end":{"line":102,"column":56}},"32":{"start":{"line":103,"column":24},"end":{"line":103,"column":104}},"33":{"start":{"line":104,"column":34},"end":{"line":104,"column":80}},"34":{"start":{"line":105,"column":29},"end":{"line":105,"column":91}},"35":{"start":{"line":106,"column":8},"end":{"line":110,"column":9}},"36":{"start":{"line":114,"column":8},"end":{"line":114,"column":39}},"37":{"start":{"line":118,"column":8},"end":{"line":118,"column":44}},"38":{"start":{"line":123,"column":29},"end":{"line":123,"column":56}},"39":{"start":{"line":126,"column":8},"end":{"line":126,"column":45}},"40":{"start":{"line":127,"column":25},"end":{"line":127,"column":46}},"41":{"start":{"line":129,"column":8},"end":{"line":132,"column":9}},"42":{"start":{"line":139,"column":12},"end":{"line":139,"column":40}},"43":{"start":{"line":140,"column":8},"end":{"line":144,"column":9}}},"fnMap":{"0":{"name":"(anonymous_0)","decl":{"start":{"line":25,"column":4},"end":{"line":25,"column":5}},"loc":{"start":{"line":25,"column":17},"end":{"line":31,"column":5}},"line":25},"1":{"name":"(anonymous_1)","decl":{"start":{"line":33,"column":4},"end":{"line":33,"column":5}},"loc":{"start":{"line":33,"column":25},"end":{"line":42,"column":5}},"line":33},"2":{"name":"(anonymous_2)","decl":{"start":{"line":44,"column":4},"end":{"line":44,"column":5}},"loc":{"start":{"line":44,"column":27},"end":{"line":46,"column":5}},"line":44},"3":{"name":"(anonymous_3)","decl":{"start":{"line":48,"column":4},"end":{"line":48,"column":5}},"loc":{"start":{"line":48,"column":29},"end":{"line":50,"column":5}},"line":48},"4":{"name":"(anonymous_4)","decl":{"start":{"line":52,"column":4},"end":{"line":52,"column":5}},"loc":{"start":{"line":52,"column":27},"end":{"line":84,"column":5}},"line":52},"5":{"name":"(anonymous_5)","decl":{"start":{"line":70,"column":58},"end":{"line":70,"column":59}},"loc":{"start":{"line":70,"column":68},"end":{"line":70,"column":81}},"line":70},"6":{"name":"(anonymous_6)","decl":{"start":{"line":86,"column":4},"end":{"line":86,"column":5}},"loc":{"start":{"line":86,"column":16},"end":{"line":99,"column":5}},"line":86},"7":{"name":"(anonymous_7)","decl":{"start":{"line":88,"column":19},"end":{"line":88,"column":20}},"loc":{"start":{"line":88,"column":39},"end":{"line":97,"column":13}},"line":88},"8":{"name":"(anonymous_8)","decl":{"start":{"line":101,"column":4},"end":{"line":101,"column":5}},"loc":{"start":{"line":101,"column":27},"end":{"line":111,"column":5}},"line":101},"9":{"name":"(anonymous_9)","decl":{"start":{"line":113,"column":4},"end":{"line":113,"column":5}},"loc":{"start":{"line":113,"column":19},"end":{"line":115,"column":5}},"line":113},"10":{"name":"(anonymous_10)","decl":{"start":{"line":117,"column":4},"end":{"line":117,"column":5}},"loc":{"start":{"line":117,"column":31},"end":{"line":119,"column":5}},"line":117},"11":{"name":"(anonymous_11)","decl":{"start":{"line":121,"column":4},"end":{"line":121,"column":5}},"loc":{"start":{"line":121,"column":27},"end":{"line":133,"column":5}},"line":121},"12":{"name":"(anonymous_12)","decl":{"start":{"line":135,"column":4},"end":{"line":135,"column":5}},"loc":{"start":{"line":135,"column":30},"end":{"line":145,"column":5}},"line":135}},"branchMap":{"0":{"loc":{"start":{"line":71,"column":12},"end":{"line":71,"column":57}},"type":"if","locations":[{"start":{"line":71,"column":12},"end":{"line":71,"column":57}},{"start":{},"end":{}}],"line":71},"1":{"loc":{"start":{"line":90,"column":20},"end":{"line":93,"column":21}},"type":"if","locations":[{"start":{"line":90,"column":20},"end":{"line":93,"column":21}},{"start":{},"end":{}}],"line":90}},"s":{"0":3,"1":5,"2":5,"3":5,"4":5,"5":5,"6":0,"7":0,"8":0,"9":0,"10":0,"11":0,"12":0,"13":0,"14":0,"15":0,"16":0,"17":0,"18":0,"19":0,"20":0,"21":0,"22":0,"23":0,"24":0,"25":0,"26":0,"27":0,"28":0,"29":0,"30":0,"31":0,"32":0,"33":0,"34":0,"35":0,"36":0,"37":1,"38":1,"39":1,"40":1,"41":1,"42":1,"43":1},"f":{"0":5,"1":0,"2":0,"3":0,"4":0,"5":0,"6":0,"7":0,"8":0,"9":0,"10":1,"11":1,"12":1},"b":{"0":[0,0],"1":[0,0]},"_coverageSchema":"1a1c01bbd47fc00a2c39e90264f33305004495a9","hash":"372097b6b700a902e39354a40b61fd7c12fae312"}
,"/spotify-radio/server/util.js": {"path":"/spotify-radio/server/util.js","statementMap":{"0":{"start":{"line":3,"column":12},"end":{"line":11,"column":2}},"1":{"start":{"line":13,"column":22},"end":{"line":13,"column":25}}},"fnMap":{},"branchMap":{},"s":{"0":3,"1":3},"f":{},"b":{},"_coverageSchema":"1a1c01bbd47fc00a2c39e90264f33305004495a9","hash":"8046f063b8b4a8f1672901a70cfb329eeaacd776"}
,"/spotify-radio/tests/unit/_util/testUtil.js": {"path":"/spotify-radio/tests/unit/_util/testUtil.js","statementMap":{"0":{"start":{"line":12,"column":8},"end":{"line":20,"column":10}},"1":{"start":{"line":14,"column":16},"end":{"line":16,"column":17}},"2":{"start":{"line":15,"column":20},"end":{"line":15,"column":35}},"3":{"start":{"line":18,"column":16},"end":{"line":18,"column":31}},"4":{"start":{"line":24,"column":8},"end":{"line":30,"column":10}},"5":{"start":{"line":26,"column":16},"end":{"line":26,"column":29}},"6":{"start":{"line":28,"column":16},"end":{"line":28,"column":31}},"7":{"start":{"line":34,"column":30},"end":{"line":34,"column":85}},"8":{"start":{"line":35,"column":25},"end":{"line":35,"column":66}},"9":{"start":{"line":36,"column":21},"end":{"line":46,"column":9}},"10":{"start":{"line":48,"column":8},"end":{"line":51,"column":9}},"11":{"start":{"line":49,"column":26},"end":{"line":49,"column":45}}},"fnMap":{"0":{"name":"(anonymous_0)","decl":{"start":{"line":11,"column":4},"end":{"line":11,"column":5}},"loc":{"start":{"line":11,"column":40},"end":{"line":21,"column":5}},"line":11},"1":{"name":"(anonymous_1)","decl":{"start":{"line":13,"column":12},"end":{"line":13,"column":13}},"loc":{"start":{"line":13,"column":19},"end":{"line":19,"column":13}},"line":13},"2":{"name":"(anonymous_2)","decl":{"start":{"line":23,"column":4},"end":{"line":23,"column":5}},"loc":{"start":{"line":23,"column":42},"end":{"line":31,"column":5}},"line":23},"3":{"name":"(anonymous_3)","decl":{"start":{"line":25,"column":12},"end":{"line":25,"column":13}},"loc":{"start":{"line":25,"column":34},"end":{"line":29,"column":13}},"line":25},"4":{"name":"(anonymous_4)","decl":{"start":{"line":33,"column":4},"end":{"line":33,"column":5}},"loc":{"start":{"line":33,"column":33},"end":{"line":52,"column":5}},"line":33},"5":{"name":"(anonymous_5)","decl":{"start":{"line":35,"column":57},"end":{"line":35,"column":58}},"loc":{"start":{"line":35,"column":63},"end":{"line":35,"column":65}},"line":35},"6":{"name":"(anonymous_6)","decl":{"start":{"line":49,"column":20},"end":{"line":49,"column":21}},"loc":{"start":{"line":49,"column":26},"end":{"line":49,"column":45}},"line":49}},"branchMap":{},"s":{"0":15,"1":0,"2":0,"3":0,"4":8,"5":0,"6":0,"7":8,"8":8,"9":8,"10":8,"11":8},"f":{"0":15,"1":0,"2":8,"3":0,"4":8,"5":0,"6":8},"b":{},"_coverageSchema":"1a1c01bbd47fc00a2c39e90264f33305004495a9","hash":"54691a3e4eab3e2c80d365d7815871f842e31852"}
}
