TN:
SF:server/config.js
FNF:0
FNH:0
DA:4,3
DA:5,3
DA:6,3
DA:7,3
DA:8,3
LF:5
LH:5
BRDA:10,0,0,3
BRDA:10,0,1,0
BRF:2
BRH:1
end_of_record
TN:
SF:server/controller.js
FN:5,(anonymous_0)
FN:9,(anonymous_1)
FN:13,(anonymous_2)
FN:34,(anonymous_3)
FN:40,(anonymous_4)
FNF:5
FNH:2
FNDA:2,(anonymous_0)
FNDA:1,(anonymous_1)
FNDA:0,(anonymous_2)
FNDA:0,(anonymous_3)
FNDA:0,(anonymous_4)
DA:6,2
DA:10,1
DA:14,0
DA:16,0
DA:20,0
DA:21,0
DA:22,0
DA:23,0
DA:26,0
DA:27,0
DA:28,0
DA:31,0
DA:38,0
DA:40,0
DA:41,0
DA:44,0
LF:16
LH:2
BRDA:21,0,0,0
BRDA:21,0,1,0
BRDA:26,1,0,0
BRDA:26,1,1,0
BRF:4
BRH:0
end_of_record
TN:
SF:server/routes.js
FN:8,routes
FN:74,handleError
FN:85,handler
FN:87,(anonymous_3)
FNF:4
FNH:4
FNDA:8,routes
FNDA:2,handleError
FNDA:8,handler
FNDA:2,(anonymous_3)
DA:6,1
DA:9,8
DA:11,8
DA:12,1
DA:15,1
DA:18,7
DA:21,1
DA:24,1
DA:27,6
DA:30,1
DA:33,1
DA:36,5
DA:40,0
DA:41,0
DA:42,0
DA:46,0
DA:49,5
DA:50,0
DA:51,0
DA:52,0
DA:53,0
DA:56,5
DA:60,4
DA:61,2
DA:62,2
DA:63,1
DA:67,2
DA:70,1
DA:71,1
DA:75,2
DA:76,1
DA:77,1
DA:78,1
DA:80,1
DA:81,1
DA:82,1
DA:86,8
DA:87,2
LF:38
LH:30
BRDA:11,0,0,1
BRDA:11,0,1,7
BRDA:11,1,0,8
BRDA:11,1,1,7
BRDA:18,2,0,1
BRDA:18,2,1,6
BRDA:18,3,0,7
BRDA:18,3,1,6
BRDA:27,4,0,1
BRDA:27,4,1,5
BRDA:27,5,0,6
BRDA:27,5,1,5
BRDA:36,6,0,0
BRDA:36,6,1,5
BRDA:36,7,0,5
BRDA:36,7,1,4
BRDA:49,8,0,0
BRDA:49,8,1,5
BRDA:49,9,0,5
BRDA:49,9,1,1
BRDA:56,10,0,4
BRDA:56,10,1,1
BRDA:62,11,0,1
BRDA:62,11,1,1
BRDA:75,12,0,1
BRDA:75,12,1,1
BRF:26
BRH:24
end_of_record
TN:
SF:server/service.js
FN:25,(anonymous_0)
FN:33,(anonymous_1)
FN:44,(anonymous_2)
FN:48,(anonymous_3)
FN:52,(anonymous_4)
FN:70,(anonymous_5)
FN:86,(anonymous_6)
FN:88,(anonymous_7)
FN:101,(anonymous_8)
FN:113,(anonymous_9)
FN:117,(anonymous_10)
FN:121,(anonymous_11)
FN:135,(anonymous_12)
FNF:13
FNH:4
FNDA:5,(anonymous_0)
FNDA:0,(anonymous_1)
FNDA:0,(anonymous_2)
FNDA:0,(anonymous_3)
FNDA:0,(anonymous_4)
FNDA:0,(anonymous_5)
FNDA:0,(anonymous_6)
FNDA:0,(anonymous_7)
FNDA:0,(anonymous_8)
FNDA:0,(anonymous_9)
FNDA:1,(anonymous_10)
FNDA:1,(anonymous_11)
FNDA:1,(anonymous_12)
DA:22,3
DA:26,5
DA:27,5
DA:28,5
DA:29,5
DA:30,5
DA:34,0
DA:35,0
DA:36,0
DA:38,0
DA:45,0
DA:49,0
DA:53,0
DA:54,0
DA:63,0
DA:65,0
DA:70,0
DA:71,0
DA:73,0
DA:75,0
DA:81,0
DA:82,0
DA:87,0
DA:89,0
DA:90,0
DA:91,0
DA:92,0
DA:94,0
DA:96,0
DA:102,0
DA:103,0
DA:104,0
DA:105,0
DA:106,0
DA:114,0
DA:118,1
DA:123,1
DA:126,1
DA:127,1
DA:129,1
DA:139,1
DA:140,1
LF:42
LH:13
BRDA:71,0,0,0
BRDA:71,0,1,0
BRDA:90,1,0,0
BRDA:90,1,1,0
BRF:4
BRH:0
end_of_record
TN:
SF:server/util.js
FNF:0
FNH:0
DA:3,3
DA:13,3
LF:2
LH:2
BRF:0
BRH:0
end_of_record
TN:
SF:tests/unit/_util/testUtil.js
FN:11,(anonymous_0)
FN:13,(anonymous_1)
FN:23,(anonymous_2)
FN:25,(anonymous_3)
FN:33,(anonymous_4)
FN:35,(anonymous_5)
FN:49,(anonymous_6)
FNF:7
FNH:4
FNDA:15,(anonymous_0)
FNDA:0,(anonymous_1)
FNDA:8,(anonymous_2)
FNDA:0,(anonymous_3)
FNDA:8,(anonymous_4)
FNDA:0,(anonymous_5)
FNDA:8,(anonymous_6)
DA:12,15
DA:14,0
DA:15,0
DA:18,0
DA:24,8
DA:26,0
DA:28,0
DA:34,8
DA:35,8
DA:36,8
DA:48,8
DA:49,8
LF:12
LH:7
BRF:0
BRH:0
end_of_record
