TN:
SF:server/config.js
FNF:0
FNH:0
DA:4,3
DA:5,3
DA:6,3
DA:7,3
LF:4
LH:4
BRDA:10,0,0,3
BRDA:10,0,1,3
BRF:2
BRH:2
end_of_record
TN:
SF:server/controller.js
FN:4,(anonymous_0)
FN:8,(anonymous_1)
FNF:2
FNH:2
FNDA:2,(anonymous_0)
FNDA:1,(anonymous_1)
DA:5,2
DA:9,1
LF:2
LH:2
BRF:0
BRH:0
end_of_record
TN:
SF:server/routes.js
FN:7,routes
FN:53,handleError
FN:64,handler
FN:66,(anonymous_3)
FNF:4
FNH:4
FNDA:8,routes
FNDA:2,handleError
FNDA:8,handler
FNDA:2,(anonymous_3)
DA:5,1
DA:8,8
DA:10,8
DA:11,1
DA:14,1
DA:17,7
DA:20,1
DA:23,1
DA:26,6
DA:29,1
DA:32,1
DA:35,5
DA:39,4
DA:40,2
DA:41,2
DA:42,1
DA:46,2
DA:49,1
DA:50,1
DA:54,2
DA:55,1
DA:56,1
DA:57,1
DA:59,1
DA:60,1
DA:61,1
DA:65,8
DA:66,2
LF:28
LH:28
BRDA:10,0,0,1
BRDA:10,0,1,7
BRDA:10,1,0,8
BRDA:10,1,1,7
BRDA:17,2,0,1
BRDA:17,2,1,6
BRDA:17,3,0,7
BRDA:17,3,1,6
BRDA:26,4,0,1
BRDA:26,4,1,5
BRDA:26,5,0,6
BRDA:26,5,1,5
BRDA:35,6,0,4
BRDA:35,6,1,1
BRDA:41,7,0,1
BRDA:41,7,1,1
BRDA:54,8,0,1
BRDA:54,8,1,1
BRF:18
BRH:18
end_of_record
TN:
SF:server/service.js
FN:14,(anonymous_0)
FN:18,(anonymous_1)
FN:32,(anonymous_2)
FNF:3
FNH:3
FNDA:1,(anonymous_0)
FNDA:1,(anonymous_1)
FNDA:1,(anonymous_2)
DA:11,3
DA:15,1
DA:20,1
DA:23,1
DA:24,1
DA:26,1
DA:36,1
DA:37,1
LF:8
LH:8
BRF:0
BRH:0
end_of_record
TN:
SF:server/util.js
FNF:0
FNH:0
DA:3,1
DA:13,1
LF:2
LH:2
BRF:0
BRH:0
end_of_record
TN:
SF:tests/unit/_util/testUtil.js
FN:11,(anonymous_0)
FN:13,(anonymous_1)
FN:23,(anonymous_2)
FN:25,(anonymous_3)
FN:33,(anonymous_4)
FN:35,(anonymous_5)
FN:49,(anonymous_6)
FNF:7
FNH:4
FNDA:15,(anonymous_0)
FNDA:0,(anonymous_1)
FNDA:8,(anonymous_2)
FNDA:0,(anonymous_3)
FNDA:8,(anonymous_4)
FNDA:0,(anonymous_5)
FNDA:8,(anonymous_6)
DA:12,15
DA:14,0
DA:15,0
DA:18,0
DA:24,8
DA:26,0
DA:28,0
DA:34,8
DA:35,8
DA:36,8
DA:48,8
DA:49,8
LF:12
LH:7
BRF:0
BRH:0
end_of_record
